<?xml version="1.0" encoding="UTF-8"?>
<testsuite xmlns:xsi="http://www.w3.org/2001/XMLSchema-instance" xsi:noNamespaceSchemaLocation="https://maven.apache.org/surefire/maven-surefire-plugin/xsd/surefire-test-report-3.0.xsd" version="3.0" name="NotesServiceTest" time="0.072" tests="4" errors="0" skipped="0" failures="0">
  <properties>
[...]
</properties>
  <testcase name="testUpdateNote" classname="NotesServiceTest" time="0.041"/>
  <testcase name="testGetNote" classname="NotesServiceTest" time="0.003"/>
  <testcase name="testCreateNote" classname="NotesServiceTest" time="0.002"/>
  <testcase name="testDeleteNote" classname="NotesServiceTest" time="0.002"/>
</testsuite>